# H0-fiducial-znedfinal-sigcz=150   UT 2017-06-26 22:22:32
# ----------------------------------------------------------------------------
#                          N   sigma   chisq  chisq_withscatter
calibrators:               9   0.160   55.23        13.59
Hubble flow:              27   0.106   62.84        18.51
# 
#                            mean  sigma            median  -err   +err
H0:                         72.862 1.602            72.859 -1.568 +1.562
M:                         -18.522 0.042           -18.522 -0.041 +0.041
-5 a_J:                     -2.834 0.023            -2.834 -0.023 +0.023
sigma_int:                   0.098 0.018             0.096 -0.016 +0.019
# 
H0 (latex):                $72.86 \pm 1.60$        $72.86_{-1.57}^{+1.56}$
M (latex):                $-18.522 \pm 0.042$     $-18.522_{-0.041}^{+0.041}$
-5 a_J (latex):           $ -2.834 \pm 0.023$     $ -2.834_{-0.023}^{+0.023}$
sigma_int (latex):        $  0.098 \pm 0.018$     $  0.096_{-0.016}^{+0.019}$
# ----------------------------------------------------------------------------
$72.86 \pm 1.60$ & $-18.522 \pm 0.042$ & $ -2.834 \pm 0.023$ & $  0.098 \pm 0.018$ \\
# ----------------------------------------------------------------------------
# copy and paste into results table: 
\bf{Fiducial} & \bf{9} & \bf{0.160} & \bf{27} & \bf{0.106} & 
$\mathbf{72.86_{-1.57}^{+1.56}}$ & $\mathbf{-18.522_{-0.041}^{+0.041}}$ & 
$\mathbf{-2.834_{-0.023}^{+0.023}}$ & $\mathbf{0.096_{-0.016}^{+0.019}}$ \\
# ----------------------------------------------------------------------------
