# H0-all-znedfinal-sigcz=150   UT 2017-06-27 04:39:11
# ----------------------------------------------------------------------------
#                          N   sigma   chisq  chisq_withscatter
calibrators:               9   0.160   55.23         7.06
Hubble flow:              30   0.170  176.69        29.95
# 
#                            mean  sigma            median  -err   +err
H0:                         71.319 2.152            71.304 -2.090 +2.110
M:                         -18.524 0.058           -18.524 -0.057 +0.057
-5 a_J:                     -2.789 0.031            -2.789 -0.030 +0.030
sigma_int:                   0.150 0.022             0.148 -0.020 +0.024
# 
H0 (latex):                $71.32 \pm 2.15$        $71.30_{-2.09}^{+2.11}$
M (latex):                $-18.524 \pm 0.058$     $-18.524_{-0.057}^{+0.057}$
-5 a_J (latex):           $ -2.789 \pm 0.031$     $ -2.789_{-0.030}^{+0.030}$
sigma_int (latex):        $  0.150 \pm 0.022$     $  0.148_{-0.020}^{+0.024}$
# ----------------------------------------------------------------------------
$71.32 \pm 2.15$ & $-18.524 \pm 0.058$ & $ -2.789 \pm 0.031$ & $  0.150 \pm 0.022$ \\
# ----------------------------------------------------------------------------
# copy and paste into results table (update first column to better description): 
H0-all-znedfinal-sigcz=150 &  9 &  0.160 & 30 &  0.170 & 
$71.30_{-2.09}^{+2.11}$ & $-18.524_{-0.057}^{+0.057}$ & 
$-2.789_{-0.030}^{+0.030}$ & $ 0.148_{-0.020}^{+0.024}$ \\
# ----------------------------------------------------------------------------
