# H0-cardona-znedfinal-sigcz=150   UT 2017-06-27 05:13:21
# ----------------------------------------------------------------------------
#                          N   sigma   chisq  chisq_withscatter
calibrators:               9   0.133   33.14        12.24
Hubble flow:              27   0.106   62.84        20.39
# 
#                            mean  sigma            median  -err   +err
H0:                         73.840 1.627            73.827 -1.589 +1.609
M:                         -18.492 0.043           -18.492 -0.042 +0.042
-5 a_J:                     -2.833 0.022            -2.833 -0.021 +0.022
sigma_int:                   0.090 0.018             0.089 -0.016 +0.018
# 
H0 (latex):                $73.84 \pm 1.63$        $73.83_{-1.59}^{+1.61}$
M (latex):                $-18.492 \pm 0.043$     $-18.492_{-0.042}^{+0.042}$
-5 a_J (latex):           $ -2.833 \pm 0.022$     $ -2.833_{-0.021}^{+0.022}$
sigma_int (latex):        $  0.090 \pm 0.018$     $  0.089_{-0.016}^{+0.018}$
# ----------------------------------------------------------------------------
$73.84 \pm 1.63$ & $-18.492 \pm 0.043$ & $ -2.833 \pm 0.022$ & $  0.090 \pm 0.018$ \\
# ----------------------------------------------------------------------------
# copy and paste into results table (update first column to better description): 
H0-cardona-znedfinal-sigcz=150 &  9 &  0.133 & 27 &  0.106 & 
$73.83_{-1.59}^{+1.61}$ & $-18.492_{-0.042}^{+0.042}$ & 
$-2.833_{-0.021}^{+0.022}$ & $ 0.089_{-0.016}^{+0.018}$ \\
# ----------------------------------------------------------------------------
