# H0-cfa_calhf-znedfinal-sigcz=150   UT 2017-06-27 04:54:41
# ----------------------------------------------------------------------------
#                          N   sigma   chisq  chisq_withscatter
calibrators:               2   0.213    1.98         1.98
Hubble flow:              13   0.094   18.50        18.50
# 
#                            mean  sigma            median  -err   +err
H0:                         75.978 2.947            75.918 -2.815 +2.985
M:                         -18.393 0.082           -18.393 -0.081 +0.081
-5 a_J:                     -2.795 0.018            -2.795 -0.017 +0.018
sigma_int:                   0.011 0.021             0.000 -0.000 +0.028
# 
H0 (latex):                $75.98 \pm 2.95$        $75.92_{-2.82}^{+2.98}$
M (latex):                $-18.393 \pm 0.082$     $-18.393_{-0.081}^{+0.081}$
-5 a_J (latex):           $ -2.795 \pm 0.018$     $ -2.795_{-0.017}^{+0.018}$
sigma_int (latex):        $  0.011 \pm 0.021$     $  0.000_{-0.000}^{+0.028}$
# ----------------------------------------------------------------------------
$75.98 \pm 2.95$ & $-18.393 \pm 0.082$ & $ -2.795 \pm 0.018$ & $  0.011 \pm 0.021$ \\
# ----------------------------------------------------------------------------
# copy and paste into results table (update first column to better description): 
H0-cfa_calhf-znedfinal-sigcz=150 &  2 &  0.213 & 13 &  0.094 & 
$75.92_{-2.82}^{+2.98}$ & $-18.393_{-0.081}^{+0.081}$ & 
$-2.795_{-0.017}^{+0.018}$ & $ 0.000_{-0.000}^{+0.028}$ \\
# ----------------------------------------------------------------------------
