# H0-csp-znedfinal-sigcz=150   UT 2017-06-27 04:43:02
# ----------------------------------------------------------------------------
#                          N   sigma   chisq  chisq_withscatter
calibrators:               9   0.160   55.23        11.96
Hubble flow:              14   0.091   27.87         7.60
# 
#                            mean  sigma            median  -err   +err
H0:                         74.119 1.944            74.090 -1.865 +1.915
M:                         -18.523 0.045           -18.523 -0.043 +0.043
-5 a_J:                     -2.872 0.035            -2.872 -0.034 +0.034
sigma_int:                   0.107 0.024             0.105 -0.020 +0.025
# 
H0 (latex):                $74.12 \pm 1.94$        $74.09_{-1.87}^{+1.91}$
M (latex):                $-18.523 \pm 0.045$     $-18.523_{-0.043}^{+0.043}$
-5 a_J (latex):           $ -2.872 \pm 0.035$     $ -2.872_{-0.034}^{+0.034}$
sigma_int (latex):        $  0.107 \pm 0.024$     $  0.105_{-0.020}^{+0.025}$
# ----------------------------------------------------------------------------
$74.12 \pm 1.94$ & $-18.523 \pm 0.045$ & $ -2.872 \pm 0.035$ & $  0.107 \pm 0.024$ \\
# ----------------------------------------------------------------------------
# copy and paste into results table (update first column to better description): 
H0-csp-znedfinal-sigcz=150 &  9 &  0.160 & 14 &  0.091 & 
$74.09_{-1.87}^{+1.91}$ & $-18.523_{-0.043}^{+0.043}$ & 
$-2.872_{-0.034}^{+0.034}$ & $ 0.105_{-0.020}^{+0.025}$ \\
# ----------------------------------------------------------------------------
