# H0-csp_calhf-znedfinal-sigcz=150   UT 2017-06-27 04:52:37
# ----------------------------------------------------------------------------
#                          N   sigma   chisq  chisq_withscatter
calibrators:               1   0.000    0.00         0.00
Hubble flow:              14   0.091   27.87        18.76
# 
#                            mean  sigma            median  -err   +err
H0:                         80.993 2.898            80.983 -2.567 +2.554
M:                         -18.338 0.074           -18.338 -0.066 +0.065
-5 a_J:                     -2.879 0.024            -2.880 -0.022 +0.023
sigma_int:                   0.043 0.039             0.043 -0.043 +0.040
# 
H0 (latex):                $80.99 \pm 2.90$        $80.98_{-2.57}^{+2.55}$
M (latex):                $-18.338 \pm 0.074$     $-18.338_{-0.066}^{+0.065}$
-5 a_J (latex):           $ -2.879 \pm 0.024$     $ -2.880_{-0.022}^{+0.023}$
sigma_int (latex):        $  0.043 \pm 0.039$     $  0.043_{-0.043}^{+0.040}$
# ----------------------------------------------------------------------------
$80.99 \pm 2.90$ & $-18.338 \pm 0.074$ & $ -2.879 \pm 0.024$ & $  0.043 \pm 0.039$ \\
# ----------------------------------------------------------------------------
# copy and paste into results table (update first column to better description): 
H0-csp_calhf-znedfinal-sigcz=150 &  1 &  0.000 & 14 &  0.091 & 
$80.98_{-2.57}^{+2.55}$ & $-18.338_{-0.066}^{+0.065}$ & 
$-2.880_{-0.022}^{+0.023}$ & $ 0.043_{-0.043}^{+0.040}$ \\
# ----------------------------------------------------------------------------
