# H0-cfa-znedfinal-sigcz=150   UT 2017-06-27 04:50:16
# ----------------------------------------------------------------------------
#                          N   sigma   chisq  chisq_withscatter
calibrators:               9   0.160   55.23        13.14
Hubble flow:              13   0.094   18.50         5.49
# 
#                            mean  sigma            median  -err   +err
H0:                         71.512 1.820            71.475 -1.719 +1.803
M:                         -18.523 0.043           -18.523 -0.041 +0.041
-5 a_J:                     -2.794 0.035            -2.794 -0.034 +0.034
sigma_int:                   0.101 0.024             0.098 -0.020 +0.025
# 
H0 (latex):                $71.51 \pm 1.82$        $71.47_{-1.72}^{+1.80}$
M (latex):                $-18.523 \pm 0.043$     $-18.523_{-0.041}^{+0.041}$
-5 a_J (latex):           $ -2.794 \pm 0.035$     $ -2.794_{-0.034}^{+0.034}$
sigma_int (latex):        $  0.101 \pm 0.024$     $  0.098_{-0.020}^{+0.025}$
# ----------------------------------------------------------------------------
$71.51 \pm 1.82$ & $-18.523 \pm 0.043$ & $ -2.794 \pm 0.035$ & $  0.101 \pm 0.024$ \\
# ----------------------------------------------------------------------------
# copy and paste into results table (update first column to better description): 
H0-cfa-znedfinal-sigcz=150 &  9 &  0.160 & 13 &  0.094 & 
$71.47_{-1.72}^{+1.80}$ & $-18.523_{-0.041}^{+0.041}$ & 
$-2.794_{-0.034}^{+0.034}$ & $ 0.098_{-0.020}^{+0.025}$ \\
# ----------------------------------------------------------------------------
