# H0-fiducial-zflowcorr-sigcz=150   UT 2017-06-27 03:47:34
# ----------------------------------------------------------------------------
#                          N   sigma   chisq  chisq_withscatter
calibrators:               9   0.160   55.23        11.37
Hubble flow:              27   0.115   84.44        20.64
# 
#                            mean  sigma            median  -err   +err
H0:                         73.201 1.746            73.182 -1.681 +1.714
M:                         -18.523 0.045           -18.523 -0.044 +0.044
-5 a_J:                     -2.845 0.026            -2.845 -0.025 +0.025
sigma_int:                   0.110 0.019             0.109 -0.017 +0.020
# 
H0 (latex):                $73.20 \pm 1.75$        $73.18_{-1.68}^{+1.71}$
M (latex):                $-18.523 \pm 0.045$     $-18.523_{-0.044}^{+0.044}$
-5 a_J (latex):           $ -2.845 \pm 0.026$     $ -2.845_{-0.025}^{+0.025}$
sigma_int (latex):        $  0.110 \pm 0.019$     $  0.109_{-0.017}^{+0.020}$
# ----------------------------------------------------------------------------
$73.20 \pm 1.75$ & $-18.523 \pm 0.045$ & $ -2.845 \pm 0.026$ & $  0.110 \pm 0.019$ \\
# ----------------------------------------------------------------------------
# copy and paste into results table (update first column to better description): 
H0-fiducial-zflowcorr-sigcz=150 &  9 &  0.160 & 27 &  0.115 & 
$73.18_{-1.68}^{+1.71}$ & $-18.523_{-0.044}^{+0.044}$ & 
$-2.845_{-0.025}^{+0.025}$ & $ 0.109_{-0.017}^{+0.020}$ \\
# ----------------------------------------------------------------------------
