# H0-fiducial-znedfinal-sigcz=150-dynamic   UT 2017-06-27 05:06:59
# ----------------------------------------------------------------------------
#                          N   sigma   chisq  chisq_withscatter
calibrators:               9   0.160   55.23        13.62
Hubble flow:              27   0.106   62.84        18.55
# 
#                            mean  sigma            median  -err   +err
H0:                         72.794 1.594            72.778 -1.534 +1.583
M:                         -18.524 0.042           -18.524 -0.041 +0.041
-5 a_J:                     -2.834 0.023            -2.834 -0.022 +0.023
sigma_int:                   0.097 0.018             0.096 -0.016 +0.018
# 
H0 (latex):                $72.79 \pm 1.59$        $72.78_{-1.53}^{+1.58}$
M (latex):                $-18.524 \pm 0.042$     $-18.524_{-0.041}^{+0.041}$
-5 a_J (latex):           $ -2.834 \pm 0.023$     $ -2.834_{-0.022}^{+0.023}$
sigma_int (latex):        $  0.097 \pm 0.018$     $  0.096_{-0.016}^{+0.018}$
# ----------------------------------------------------------------------------
$72.79 \pm 1.59$ & $-18.524 \pm 0.042$ & $ -2.834 \pm 0.023$ & $  0.097 \pm 0.018$ \\
# ----------------------------------------------------------------------------
# copy and paste into results table (update first column to better description): 
H0-fiducial-znedfinal-sigcz=150-dynamic &  9 &  0.160 & 27 &  0.106 & 
$72.78_{-1.53}^{+1.58}$ & $-18.524_{-0.041}^{+0.041}$ & 
$-2.834_{-0.022}^{+0.023}$ & $ 0.096_{-0.016}^{+0.018}$ \\
# ----------------------------------------------------------------------------
