# H0-lowebv-znedfinal-sigcz=150   UT 2017-06-27 03:55:58
# ----------------------------------------------------------------------------
#                          N   sigma   chisq  chisq_withscatter
calibrators:               9   0.160   55.23        13.28
Hubble flow:              24   0.106   56.91        15.91
# 
#                            mean  sigma            median  -err   +err
H0:                         72.901 1.652            72.899 -1.617 +1.606
M:                         -18.523 0.042           -18.523 -0.042 +0.041
-5 a_J:                     -2.837 0.025            -2.837 -0.024 +0.025
sigma_int:                   0.099 0.019             0.098 -0.016 +0.019
# 
H0 (latex):                $72.90 \pm 1.65$        $72.90_{-1.62}^{+1.61}$
M (latex):                $-18.523 \pm 0.042$     $-18.523_{-0.042}^{+0.041}$
-5 a_J (latex):           $ -2.837 \pm 0.025$     $ -2.837_{-0.024}^{+0.025}$
sigma_int (latex):        $  0.099 \pm 0.019$     $  0.098_{-0.016}^{+0.019}$
# ----------------------------------------------------------------------------
$72.90 \pm 1.65$ & $-18.523 \pm 0.042$ & $ -2.837 \pm 0.025$ & $  0.099 \pm 0.019$ \\
# ----------------------------------------------------------------------------
# copy and paste into results table (update first column to better description): 
H0-lowebv-znedfinal-sigcz=150 &  9 &  0.160 & 24 &  0.106 & 
$72.90_{-1.62}^{+1.61}$ & $-18.523_{-0.042}^{+0.041}$ & 
$-2.837_{-0.024}^{+0.025}$ & $ 0.098_{-0.016}^{+0.019}$ \\
# ----------------------------------------------------------------------------
