# H0-lowmwaj-znedfinal-sigcz=150   UT 2017-06-27 04:07:34
# ----------------------------------------------------------------------------
#                          N   sigma   chisq  chisq_withscatter
calibrators:               9   0.160   55.23        13.61
Hubble flow:              26   0.101   62.22        17.98
# 
#                            mean  sigma            median  -err   +err
H0:                         72.738 1.599            72.727 -1.556 +1.581
M:                         -18.523 0.041           -18.523 -0.041 +0.041
-5 a_J:                     -2.832 0.024            -2.832 -0.023 +0.023
sigma_int:                   0.098 0.018             0.096 -0.016 +0.019
# 
H0 (latex):                $72.74 \pm 1.60$        $72.73_{-1.56}^{+1.58}$
M (latex):                $-18.523 \pm 0.041$     $-18.523_{-0.041}^{+0.041}$
-5 a_J (latex):           $ -2.832 \pm 0.024$     $ -2.832_{-0.023}^{+0.023}$
sigma_int (latex):        $  0.098 \pm 0.018$     $  0.096_{-0.016}^{+0.019}$
# ----------------------------------------------------------------------------
$72.74 \pm 1.60$ & $-18.523 \pm 0.041$ & $ -2.832 \pm 0.024$ & $  0.098 \pm 0.018$ \\
# ----------------------------------------------------------------------------
# copy and paste into results table (update first column to better description): 
H0-lowmwaj-znedfinal-sigcz=150 &  9 &  0.160 & 26 &  0.101 & 
$72.73_{-1.56}^{+1.58}$ & $-18.523_{-0.041}^{+0.041}$ & 
$-2.832_{-0.023}^{+0.023}$ & $ 0.096_{-0.016}^{+0.019}$ \\
# ----------------------------------------------------------------------------
