# H0-restricted-znedfinal-sigcz=150   UT 2017-06-27 04:14:18
# ----------------------------------------------------------------------------
#                          N   sigma   chisq  chisq_withscatter
calibrators:               9   0.160   55.23        11.98
Hubble flow:              15   0.094   40.77         9.05
# 
#                            mean  sigma            median  -err   +err
H0:                         73.610 1.859            73.601 -1.790 +1.795
M:                         -18.524 0.044           -18.523 -0.043 +0.043
-5 a_J:                     -2.858 0.032            -2.857 -0.031 +0.031
sigma_int:                   0.108 0.023             0.105 -0.019 +0.025
# 
H0 (latex):                $73.61 \pm 1.86$        $73.60_{-1.79}^{+1.80}$
M (latex):                $-18.524 \pm 0.044$     $-18.523_{-0.043}^{+0.043}$
-5 a_J (latex):           $ -2.858 \pm 0.032$     $ -2.857_{-0.031}^{+0.031}$
sigma_int (latex):        $  0.108 \pm 0.023$     $  0.105_{-0.019}^{+0.025}$
# ----------------------------------------------------------------------------
$73.61 \pm 1.86$ & $-18.524 \pm 0.044$ & $ -2.858 \pm 0.032$ & $  0.108 \pm 0.023$ \\
# ----------------------------------------------------------------------------
# copy and paste into results table (update first column to better description): 
H0-restricted-znedfinal-sigcz=150 &  9 &  0.160 & 15 &  0.094 & 
$73.60_{-1.79}^{+1.80}$ & $-18.523_{-0.043}^{+0.043}$ & 
$-2.857_{-0.031}^{+0.031}$ & $ 0.105_{-0.019}^{+0.025}$ \\
# ----------------------------------------------------------------------------
