# H0-spirals-znedfinal-sigcz=150   UT 2017-06-27 04:05:41
# ----------------------------------------------------------------------------
#                          N   sigma   chisq  chisq_withscatter
calibrators:               9   0.160   55.23        12.14
Hubble flow:              21   0.107   56.08        14.40
# 
#                            mean  sigma            median  -err   +err
H0:                         73.053 1.766            73.045 -1.729 +1.727
M:                         -18.523 0.044           -18.522 -0.043 +0.042
-5 a_J:                     -2.840 0.028            -2.841 -0.027 +0.027
sigma_int:                   0.106 0.020             0.104 -0.018 +0.021
# 
H0 (latex):                $73.05 \pm 1.77$        $73.05_{-1.73}^{+1.73}$
M (latex):                $-18.523 \pm 0.044$     $-18.522_{-0.043}^{+0.042}$
-5 a_J (latex):           $ -2.840 \pm 0.028$     $ -2.841_{-0.027}^{+0.027}$
sigma_int (latex):        $  0.106 \pm 0.020$     $  0.104_{-0.018}^{+0.021}$
# ----------------------------------------------------------------------------
$73.05 \pm 1.77$ & $-18.523 \pm 0.044$ & $ -2.840 \pm 0.028$ & $  0.106 \pm 0.020$ \\
# ----------------------------------------------------------------------------
# copy and paste into results table (update first column to better description): 
H0-spirals-znedfinal-sigcz=150 &  9 &  0.160 & 21 &  0.107 & 
$73.05_{-1.73}^{+1.73}$ & $-18.522_{-0.043}^{+0.042}$ & 
$-2.841_{-0.027}^{+0.027}$ & $ 0.104_{-0.018}^{+0.021}$ \\
# ----------------------------------------------------------------------------
