# H0-stringent-znedfinal-sigcz=150   UT 2017-06-27 04:33:25
# ----------------------------------------------------------------------------
#                          N   sigma   chisq  chisq_withscatter
calibrators:               7   0.147   51.47        10.64
Hubble flow:               8   0.058   10.13         1.94
# 
#                            mean  sigma            median  -err   +err
H0:                         73.091 2.265            73.037 -2.120 +2.208
M:                         -18.531 0.050           -18.532 -0.048 +0.049
-5 a_J:                     -2.849 0.044            -2.849 -0.042 +0.042
sigma_int:                   0.108 0.029             0.104 -0.023 +0.031
# 
H0 (latex):                $73.09 \pm 2.26$        $73.04_{-2.12}^{+2.21}$
M (latex):                $-18.531 \pm 0.050$     $-18.532_{-0.048}^{+0.049}$
-5 a_J (latex):           $ -2.849 \pm 0.044$     $ -2.849_{-0.042}^{+0.042}$
sigma_int (latex):        $  0.108 \pm 0.029$     $  0.104_{-0.023}^{+0.031}$
# ----------------------------------------------------------------------------
$73.09 \pm 2.26$ & $-18.531 \pm 0.050$ & $ -2.849 \pm 0.044$ & $  0.108 \pm 0.029$ \\
# ----------------------------------------------------------------------------
# copy and paste into results table (update first column to better description): 
H0-stringent-znedfinal-sigcz=150 &  7 &  0.147 &  8 &  0.058 & 
$73.04_{-2.12}^{+2.21}$ & $-18.532_{-0.048}^{+0.049}$ & 
$-2.849_{-0.042}^{+0.042}$ & $ 0.104_{-0.023}^{+0.031}$ \\
# ----------------------------------------------------------------------------
