# H0-z03-znedfinal-sigcz=150   UT 2017-06-27 04:21:58
# ----------------------------------------------------------------------------
#                          N   sigma   chisq  chisq_withscatter
calibrators:               9   0.160   55.23        11.41
Hubble flow:               7   0.091    7.84         2.10
# 
#                            mean  sigma            median  -err   +err
H0:                         72.814 2.320            72.788 -2.196 +2.247
M:                         -18.524 0.047           -18.524 -0.045 +0.045
-5 a_J:                     -2.834 0.051            -2.835 -0.047 +0.049
sigma_int:                   0.113 0.031             0.108 -0.024 +0.033
# 
H0 (latex):                $72.81 \pm 2.32$        $72.79_{-2.20}^{+2.25}$
M (latex):                $-18.524 \pm 0.047$     $-18.524_{-0.045}^{+0.045}$
-5 a_J (latex):           $ -2.834 \pm 0.051$     $ -2.835_{-0.047}^{+0.049}$
sigma_int (latex):        $  0.113 \pm 0.031$     $  0.108_{-0.024}^{+0.033}$
# ----------------------------------------------------------------------------
$72.81 \pm 2.32$ & $-18.524 \pm 0.047$ & $ -2.834 \pm 0.051$ & $  0.113 \pm 0.031$ \\
# ----------------------------------------------------------------------------
# copy and paste into results table (update first column to better description): 
H0-z03-znedfinal-sigcz=150 &  9 &  0.160 &  7 &  0.091 & 
$72.79_{-2.20}^{+2.25}$ & $-18.524_{-0.045}^{+0.045}$ & 
$-2.835_{-0.047}^{+0.049}$ & $ 0.108_{-0.024}^{+0.033}$ \\
# ----------------------------------------------------------------------------
