# H0-z02-znedfinal-sigcz=150   UT 2017-06-27 04:17:53
# ----------------------------------------------------------------------------
#                          N   sigma   chisq  chisq_withscatter
calibrators:               9   0.160   55.23        12.11
Hubble flow:              13   0.104   34.04         7.64
# 
#                            mean  sigma            median  -err   +err
H0:                         73.675 1.906            73.658 -1.836 +1.857
M:                         -18.524 0.045           -18.524 -0.043 +0.043
-5 a_J:                     -2.860 0.035            -2.860 -0.033 +0.034
sigma_int:                   0.107 0.024             0.104 -0.020 +0.025
# 
H0 (latex):                $73.67 \pm 1.91$        $73.66_{-1.84}^{+1.86}$
M (latex):                $-18.524 \pm 0.045$     $-18.524_{-0.043}^{+0.043}$
-5 a_J (latex):           $ -2.860 \pm 0.035$     $ -2.860_{-0.033}^{+0.034}$
sigma_int (latex):        $  0.107 \pm 0.024$     $  0.104_{-0.020}^{+0.025}$
# ----------------------------------------------------------------------------
$73.67 \pm 1.91$ & $-18.524 \pm 0.045$ & $ -2.860 \pm 0.035$ & $  0.107 \pm 0.024$ \\
# ----------------------------------------------------------------------------
# copy and paste into results table (update first column to better description): 
H0-z02-znedfinal-sigcz=150 &  9 &  0.160 & 13 &  0.104 & 
$73.66_{-1.84}^{+1.86}$ & $-18.524_{-0.043}^{+0.043}$ & 
$-2.860_{-0.033}^{+0.034}$ & $ 0.104_{-0.020}^{+0.025}$ \\
# ----------------------------------------------------------------------------
