# H0-z0207-znedfinal-sigcz=150   UT 2017-06-27 04:30:36
# ----------------------------------------------------------------------------
#                          N   sigma   chisq  chisq_withscatter
calibrators:               9   0.160   55.23        12.10
Hubble flow:              12   0.083   32.00         6.14
# 
#                            mean  sigma            median  -err   +err
H0:                         73.956 1.919            73.931 -1.826 +1.877
M:                         -18.524 0.044           -18.523 -0.043 +0.043
-5 a_J:                     -2.868 0.035            -2.868 -0.034 +0.034
sigma_int:                   0.107 0.024             0.104 -0.020 +0.026
# 
H0 (latex):                $73.96 \pm 1.92$        $73.93_{-1.83}^{+1.88}$
M (latex):                $-18.524 \pm 0.044$     $-18.523_{-0.043}^{+0.043}$
-5 a_J (latex):           $ -2.868 \pm 0.035$     $ -2.868_{-0.034}^{+0.034}$
sigma_int (latex):        $  0.107 \pm 0.024$     $  0.104_{-0.020}^{+0.026}$
# ----------------------------------------------------------------------------
$73.96 \pm 1.92$ & $-18.524 \pm 0.044$ & $ -2.868 \pm 0.035$ & $  0.107 \pm 0.024$ \\
# ----------------------------------------------------------------------------
# copy and paste into results table (update first column to better description): 
H0-z0207-znedfinal-sigcz=150 &  9 &  0.160 & 12 &  0.083 & 
$73.93_{-1.83}^{+1.88}$ & $-18.523_{-0.043}^{+0.043}$ & 
$-2.868_{-0.034}^{+0.034}$ & $ 0.104_{-0.020}^{+0.026}$ \\
# ----------------------------------------------------------------------------
