# H0-z07-znedfinal-sigcz=150   UT 2017-06-27 04:25:37
# ----------------------------------------------------------------------------
#                          N   sigma   chisq  chisq_withscatter
calibrators:               9   0.160   55.23        13.71
Hubble flow:              26   0.099   61.12        17.37
# 
#                            mean  sigma            median  -err   +err
H0:                         72.884 1.598            72.869 -1.550 +1.586
M:                         -18.524 0.042           -18.524 -0.041 +0.040
-5 a_J:                     -2.837 0.023            -2.837 -0.023 +0.023
sigma_int:                   0.097 0.017             0.095 -0.015 +0.018
# 
H0 (latex):                $72.88 \pm 1.60$        $72.87_{-1.55}^{+1.59}$
M (latex):                $-18.524 \pm 0.042$     $-18.524_{-0.041}^{+0.040}$
-5 a_J (latex):           $ -2.837 \pm 0.023$     $ -2.837_{-0.023}^{+0.023}$
sigma_int (latex):        $  0.097 \pm 0.017$     $  0.095_{-0.015}^{+0.018}$
# ----------------------------------------------------------------------------
$72.88 \pm 1.60$ & $-18.524 \pm 0.042$ & $ -2.837 \pm 0.023$ & $  0.097 \pm 0.017$ \\
# ----------------------------------------------------------------------------
# copy and paste into results table (update first column to better description): 
H0-z07-znedfinal-sigcz=150 &  9 &  0.160 & 26 &  0.099 & 
$72.87_{-1.55}^{+1.59}$ & $-18.524_{-0.041}^{+0.040}$ & 
$-2.837_{-0.023}^{+0.023}$ & $ 0.095_{-0.015}^{+0.018}$ \\
# ----------------------------------------------------------------------------
